<?xml version="1.0" encoding="UTF-8"?>
<testsuite name="minesweeper4java.CellTest" tests="5" skipped="0" failures="0" errors="0" timestamp="2017-08-27T16:11:41" hostname="Olivers-MacBook-Pro.local" time="0.008">
  <properties/>
  <testcase name="createNewCell" classname="minesweeper4java.CellTest" time="0.002"/>
  <testcase name="visitCellTwice" classname="minesweeper4java.CellTest" time="0.001"/>
  <testcase name="visitCellOnce" classname="minesweeper4java.CellTest" time="0.001"/>
  <testcase name="setMineIntoCellOnce" classname="minesweeper4java.CellTest" time="0.0"/>
  <testcase name="setMineIntoCellTwice" classname="minesweeper4java.CellTest" time="0.0"/>
  <system-out><![CDATA[]]></system-out>
  <system-err><![CDATA[]]></system-err>
</testsuite>
