<?xml version="1.0" encoding="UTF-8"?>
<testsuite name="minesweeper4java.CellBuilderTest" tests="1" skipped="0" failures="0" errors="0" timestamp="2017-08-27T17:08:27" hostname="Olivers-MacBook-Pro.local" time="0.002">
  <properties/>
  <testcase name="createCellBuilderWithTwoMines" classname="minesweeper4java.CellBuilderTest" time="0.002"/>
  <system-out><![CDATA[]]></system-out>
  <system-err><![CDATA[]]></system-err>
</testsuite>
