<?xml version="1.0" encoding="UTF-8"?>
<testsuite name="CellTest" tests="1" skipped="0" failures="0" errors="0" timestamp="2017-08-27T15:55:12" hostname="Olivers-MacBook-Pro.local" time="0.001">
  <properties/>
  <testcase name="nothing" classname="CellTest" time="0.001"/>
  <system-out><![CDATA[]]></system-out>
  <system-err><![CDATA[]]></system-err>
</testsuite>
